# JRE version: OpenJDK Runtime Environment (8.0_152-b01) (build 1.8.0_152-release-1343-b01)
# Java VM: OpenJDK 64-Bit Server VM (25.152-b01 mixed mode windows-amd64 compressed oops)
Heap:
 PSYoungGen      total 165888K, used 54519K [0x00000000e0000000, 0x00000000ec980000, 0x0000000100000000)
  eden space 144384K, 32% used [0x00000000e0000000,0x00000000e2dbc9e8,0x00000000e8d00000)
  from space 21504K, 36% used [0x00000000e8d00000,0x00000000e94b1420,0x00000000ea200000)
  to   space 20480K, 0% used [0x00000000eb580000,0x00000000eb580000,0x00000000ec980000)
 ParOldGen       total 129536K, used 63962K [0x00000000a0000000, 0x00000000a7e80000, 0x00000000e0000000)
  object space 129536K, 49% used [0x00000000a0000000,0x00000000a3e76a10,0x00000000a7e80000)
 Metaspace       used 83050K, capacity 86707K, committed 86936K, reserved 1124352K
  class space    used 10889K, capacity 11599K, committed 11672K, reserved 1048576K
GC Heap History (10 events):
Event: 26.681 GC heap before
{Heap before GC invocations=20 (full 3):
 PSYoungGen      total 136704K, used 136673K [0x00000000e0000000, 0x00000000ea700000, 0x0000000100000000)
  eden space 122368K, 100% used [0x00000000e0000000,0x00000000e7780000,0x00000000e7780000)
  from space 14336K, 99% used [0x00000000e8c00000,0x00000000e99f85d0,0x00000000e9a00000)
  to   space 20992K, 0% used [0x00000000e7780000,0x00000000e7780000,0x00000000e8c00000)
 ParOldGen       total 129536K, used 44774K [0x00000000a0000000, 0x00000000a7e80000, 0x00000000e0000000)
  object space 129536K, 34% used [0x00000000a0000000,0x00000000a2bb9b40,0x00000000a7e80000)
 Metaspace       used 68663K, capacity 70569K, committed 70808K, reserved 1110016K
  class space    used 9148K, capacity 9594K, committed 9624K, reserved 1048576K
Event: 26.707 GC heap after
Heap after GC invocations=20 (full 3):
 PSYoungGen      total 143360K, used 7561K [0x00000000e0000000, 0x00000000eab00000, 0x0000000100000000)
  eden space 122368K, 0% used [0x00000000e0000000,0x00000000e0000000,0x00000000e7780000)
  from space 20992K, 36% used [0x00000000e7780000,0x00000000e7ee26b0,0x00000000e8c00000)
  to   space 19968K, 0% used [0x00000000e9780000,0x00000000e9780000,0x00000000eab00000)
 ParOldGen       total 129536K, used 58295K [0x00000000a0000000, 0x00000000a7e80000, 0x00000000e0000000)
  object space 129536K, 45% used [0x00000000a0000000,0x00000000a38edf70,0x00000000a7e80000)
 Metaspace       used 68663K, capacity 70569K, committed 70808K, reserved 1110016K
  class space    used 9148K, capacity 9594K, committed 9624K, reserved 1048576K
}
Event: 29.081 GC heap before
{Heap before GC invocations=21 (full 3):
 PSYoungGen      total 143360K, used 129929K [0x00000000e0000000, 0x00000000eab00000, 0x0000000100000000)
  eden space 122368K, 100% used [0x00000000e0000000,0x00000000e7780000,0x00000000e7780000)
  from space 20992K, 36% used [0x00000000e7780000,0x00000000e7ee26b0,0x00000000e8c00000)
  to   space 19968K, 0% used [0x00000000e9780000,0x00000000e9780000,0x00000000eab00000)
 ParOldGen       total 129536K, used 58295K [0x00000000a0000000, 0x00000000a7e80000, 0x00000000e0000000)
  object space 129536K, 45% used [0x00000000a0000000,0x00000000a38edf70,0x00000000a7e80000)
 Metaspace       used 71561K, capacity 73737K, committed 74008K, reserved 1114112K
  class space    used 9410K, capacity 9890K, committed 10008K, reserved 1048576K
Event: 29.099 GC heap after
Heap after GC invocations=21 (full 3):
 PSYoungGen      total 153088K, used 10340K [0x00000000e0000000, 0x00000000ea980000, 0x0000000100000000)
  eden space 134656K, 0% used [0x00000000e0000000,0x00000000e0000000,0x00000000e8380000)
  from space 18432K, 56% used [0x00000000e9780000,0x00000000ea199308,0x00000000ea980000)
  to   space 19456K, 0% used [0x00000000e8380000,0x00000000e8380000,0x00000000e9680000)
 ParOldGen       total 129536K, used 58303K [0x00000000a0000000, 0x00000000a7e80000, 0x00000000e0000000)
  object space 129536K, 45% used [0x00000000a0000000,0x00000000a38eff70,0x00000000a7e80000)
 Metaspace       used 71561K, capacity 73737K, committed 74008K, reserved 1114112K
  class space    used 9410K, capacity 9890K, committed 10008K, reserved 1048576K
}
Event: 32.322 GC heap before
{Heap before GC invocations=22 (full 3):
 PSYoungGen      total 153088K, used 144996K [0x00000000e0000000, 0x00000000ea980000, 0x0000000100000000)
  eden space 134656K, 100% used [0x00000000e0000000,0x00000000e8380000,0x00000000e8380000)
  from space 18432K, 56% used [0x00000000e9780000,0x00000000ea199308,0x00000000ea980000)
  to   space 19456K, 0% used [0x00000000e8380000,0x00000000e8380000,0x00000000e9680000)
 ParOldGen       total 129536K, used 58303K [0x00000000a0000000, 0x00000000a7e80000, 0x00000000e0000000)
  object space 129536K, 45% used [0x00000000a0000000,0x00000000a38eff70,0x00000000a7e80000)
 Metaspace       used 72318K, capacity 74751K, committed 74904K, reserved 1114112K
  class space    used 9510K, capacity 10017K, committed 10136K, reserved 1048576K
Event: 32.338 GC heap after
Heap after GC invocations=22 (full 3):
 PSYoungGen      total 154112K, used 10178K [0x00000000e0000000, 0x00000000eb480000, 0x0000000100000000)
  eden space 134656K, 0% used [0x00000000e0000000,0x00000000e0000000,0x00000000e8380000)
  from space 19456K, 52% used [0x00000000e8380000,0x00000000e8d709d8,0x00000000e9680000)
  to   space 18944K, 0% used [0x00000000ea200000,0x00000000ea200000,0x00000000eb480000)
 ParOldGen       total 129536K, used 58311K [0x00000000a0000000, 0x00000000a7e80000, 0x00000000e0000000)
  object space 129536K, 45% used [0x00000000a0000000,0x00000000a38f1f70,0x00000000a7e80000)
 Metaspace       used 72318K, capacity 74751K, committed 74904K, reserved 1114112K
  class space    used 9510K, capacity 10017K, committed 10136K, reserved 1048576K
}
Event: 35.387 GC heap before
{Heap before GC invocations=23 (full 3):
 PSYoungGen      total 154112K, used 144834K [0x00000000e0000000, 0x00000000eb480000, 0x0000000100000000)
  eden space 134656K, 100% used [0x00000000e0000000,0x00000000e8380000,0x00000000e8380000)
  from space 19456K, 52% used [0x00000000e8380000,0x00000000e8d709d8,0x00000000e9680000)
  to   space 18944K, 0% used [0x00000000ea200000,0x00000000ea200000,0x00000000eb480000)
 ParOldGen       total 129536K, used 58311K [0x00000000a0000000, 0x00000000a7e80000, 0x00000000e0000000)
  object space 129536K, 45% used [0x00000000a0000000,0x00000000a38f1f70,0x00000000a7e80000)
 Metaspace       used 82271K, capacity 85861K, committed 86168K, reserved 1124352K
  class space    used 10867K, capacity 11588K, committed 11672K, reserved 1048576K
Event: 35.409 GC heap after
Heap after GC invocations=23 (full 3):
 PSYoungGen      total 163328K, used 18922K [0x00000000e0000000, 0x00000000eb980000, 0x0000000100000000)
  eden space 144384K, 0% used [0x00000000e0000000,0x00000000e0000000,0x00000000e8d00000)
  from space 18944K, 99% used [0x00000000ea200000,0x00000000eb47a928,0x00000000eb480000)
  to   space 21504K, 0% used [0x00000000e8d00000,0x00000000e8d00000,0x00000000ea200000)
 ParOldGen       total 129536K, used 58375K [0x00000000a0000000, 0x00000000a7e80000, 0x00000000e0000000)
  object space 129536K, 45% used [0x00000000a0000000,0x00000000a3901f70,0x00000000a7e80000)
 Metaspace       used 82271K, capacity 85861K, committed 86168K, reserved 1124352K
  class space    used 10867K, capacity 11588K, committed 11672K, reserved 1048576K
}
Event: 36.383 GC heap before
{Heap before GC invocations=24 (full 3):
 PSYoungGen      total 163328K, used 163306K [0x00000000e0000000, 0x00000000eb980000, 0x0000000100000000)
  eden space 144384K, 100% used [0x00000000e0000000,0x00000000e8d00000,0x00000000e8d00000)
  from space 18944K, 99% used [0x00000000ea200000,0x00000000eb47a928,0x00000000eb480000)
  to   space 21504K, 0% used [0x00000000e8d00000,0x00000000e8d00000,0x00000000ea200000)
 ParOldGen       total 129536K, used 58375K [0x00000000a0000000, 0x00000000a7e80000, 0x00000000e0000000)
  object space 129536K, 45% used [0x00000000a0000000,0x00000000a3901f70,0x00000000a7e80000)
 Metaspace       used 82919K, capacity 86565K, committed 86680K, reserved 1124352K
  class space    used 10888K, capacity 11598K, committed 11672K, reserved 1048576K
Event: 36.420 GC heap after
Heap after GC invocations=24 (full 3):
 PSYoungGen      total 165888K, used 7877K [0x00000000e0000000, 0x00000000ec980000, 0x0000000100000000)
  eden space 144384K, 0% used [0x00000000e0000000,0x00000000e0000000,0x00000000e8d00000)
  from space 21504K, 36% used [0x00000000e8d00000,0x00000000e94b1420,0x00000000ea200000)
  to   space 20480K, 0% used [0x00000000eb580000,0x00000000eb580000,0x00000000ec980000)
 ParOldGen       total 129536K, used 63962K [0x00000000a0000000, 0x00000000a7e80000, 0x00000000e0000000)
  object space 129536K, 49% used [0x00000000a0000000,0x00000000a3e76a10,0x00000000a7e80000)
 Metaspace       used 82919K, capacity 86565K, committed 86680K, reserved 1124352K
  class space    used 10888K, capacity 11598K, committed 11672K, reserved 1048576K
}

